C:\Users\BerryRobot\Documents\Visual Studio 2010\Projects\DependentPS\DependentPS\Release\boidmanager.obj
C:\Users\BerryRobot\Documents\Visual Studio 2010\Projects\DependentPS\DependentPS\Release\camera.obj
C:\Users\BerryRobot\Documents\Visual Studio 2010\Projects\DependentPS\DependentPS\Release\cl.command.1.tlog
C:\Users\BerryRobot\Documents\Visual Studio 2010\Projects\DependentPS\DependentPS\Release\CL.read.1.tlog
C:\Users\BerryRobot\Documents\Visual Studio 2010\Projects\DependentPS\DependentPS\Release\CL.write.1.tlog
C:\Users\BerryRobot\Documents\Visual Studio 2010\Projects\DependentPS\DependentPS\Release\DependentPS.exe.intermediate.manifest
C:\Users\BerryRobot\Documents\Visual Studio 2010\Projects\DependentPS\DependentPS\Release\DependentPS.vcxprojResolveAssemblyReference.cache
C:\Users\BerryRobot\Documents\Visual Studio 2010\Projects\DependentPS\DependentPS\Release\DependentPS.write.1.tlog
C:\Users\BerryRobot\Documents\Visual Studio 2010\Projects\DependentPS\DependentPS\Release\ellipsoidparticleemitter.obj
C:\Users\BerryRobot\Documents\Visual Studio 2010\Projects\DependentPS\DependentPS\Release\fileloader.obj
C:\Users\BerryRobot\Documents\Visual Studio 2010\Projects\DependentPS\DependentPS\Release\geometry.obj
C:\Users\BerryRobot\Documents\Visual Studio 2010\Projects\DependentPS\DependentPS\Release\link.command.1.tlog
C:\Users\BerryRobot\Documents\Visual Studio 2010\Projects\DependentPS\DependentPS\Release\link.read.1.tlog
C:\Users\BerryRobot\Documents\Visual Studio 2010\Projects\DependentPS\DependentPS\Release\link.write.1.tlog
C:\Users\BerryRobot\Documents\Visual Studio 2010\Projects\DependentPS\DependentPS\Release\main.obj
C:\Users\BerryRobot\Documents\Visual Studio 2010\Projects\DependentPS\DependentPS\Release\mainwindow.obj
C:\Users\BerryRobot\Documents\Visual Studio 2010\Projects\DependentPS\DependentPS\Release\mesh.obj
C:\Users\BerryRobot\Documents\Visual Studio 2010\Projects\DependentPS\DependentPS\Release\meshparticleemitter.obj
C:\Users\BerryRobot\Documents\Visual Studio 2010\Projects\DependentPS\DependentPS\Release\model.obj
C:\Users\BerryRobot\Documents\Visual Studio 2010\Projects\DependentPS\DependentPS\Release\mt.command.1.tlog
C:\Users\BerryRobot\Documents\Visual Studio 2010\Projects\DependentPS\DependentPS\Release\mt.read.1.tlog
C:\Users\BerryRobot\Documents\Visual Studio 2010\Projects\DependentPS\DependentPS\Release\mt.write.1.tlog
C:\Users\BerryRobot\Documents\Visual Studio 2010\Projects\DependentPS\DependentPS\Release\particleanimator.obj
C:\Users\BerryRobot\Documents\Visual Studio 2010\Projects\DependentPS\DependentPS\Release\particleemitter.obj
C:\Users\BerryRobot\Documents\Visual Studio 2010\Projects\DependentPS\DependentPS\Release\particlerenderer.obj
C:\Users\BerryRobot\Documents\Visual Studio 2010\Projects\DependentPS\DependentPS\Release\particlesystem.obj
C:\Users\BerryRobot\Documents\Visual Studio 2010\Projects\DependentPS\DependentPS\Release\psmanager.obj
C:\Users\BerryRobot\Documents\Visual Studio 2010\Projects\DependentPS\DependentPS\Release\skybox.obj
C:\Users\BerryRobot\Documents\Visual Studio 2010\Projects\DependentPS\DependentPS\Release\vc100.pdb
C:\Users\BerryRobot\Documents\Visual Studio 2010\Projects\DependentPS\Release\DependentPS.exe
C:\Users\BerryRobot\Documents\Visual Studio 2010\Projects\DependentPS\Release\DependentPS.pdb
C:\USERS\ROBOTBERRY\DOCUMENTS\VISUAL STUDIO 2010\PROJECTS\DEPENDENTPS\DEPENDENTPS\RELEASE\BOIDMANAGER.OBJ
C:\USERS\ROBOTBERRY\DOCUMENTS\VISUAL STUDIO 2010\PROJECTS\DEPENDENTPS\DEPENDENTPS\RELEASE\CAMERA.OBJ
C:\USERS\ROBOTBERRY\DOCUMENTS\VISUAL STUDIO 2010\PROJECTS\DEPENDENTPS\DEPENDENTPS\RELEASE\DEPENDENTPS.EXE.INTERMEDIATE.MANIFEST
C:\USERS\ROBOTBERRY\DOCUMENTS\VISUAL STUDIO 2010\PROJECTS\DEPENDENTPS\DEPENDENTPS\RELEASE\ELLIPSOIDPARTICLEEMITTER.OBJ
C:\USERS\ROBOTBERRY\DOCUMENTS\VISUAL STUDIO 2010\PROJECTS\DEPENDENTPS\DEPENDENTPS\RELEASE\FILELOADER.OBJ
C:\USERS\ROBOTBERRY\DOCUMENTS\VISUAL STUDIO 2010\PROJECTS\DEPENDENTPS\DEPENDENTPS\RELEASE\GEOMETRY.OBJ
C:\USERS\ROBOTBERRY\DOCUMENTS\VISUAL STUDIO 2010\PROJECTS\DEPENDENTPS\DEPENDENTPS\RELEASE\MAIN.OBJ
C:\USERS\ROBOTBERRY\DOCUMENTS\VISUAL STUDIO 2010\PROJECTS\DEPENDENTPS\DEPENDENTPS\RELEASE\MAINWINDOW.OBJ
C:\USERS\ROBOTBERRY\DOCUMENTS\VISUAL STUDIO 2010\PROJECTS\DEPENDENTPS\DEPENDENTPS\RELEASE\MESH.OBJ
C:\USERS\ROBOTBERRY\DOCUMENTS\VISUAL STUDIO 2010\PROJECTS\DEPENDENTPS\DEPENDENTPS\RELEASE\MESHPARTICLEEMITTER.OBJ
C:\USERS\ROBOTBERRY\DOCUMENTS\VISUAL STUDIO 2010\PROJECTS\DEPENDENTPS\DEPENDENTPS\RELEASE\MODEL.OBJ
C:\USERS\ROBOTBERRY\DOCUMENTS\VISUAL STUDIO 2010\PROJECTS\DEPENDENTPS\DEPENDENTPS\RELEASE\PARTICLEANIMATOR.OBJ
C:\USERS\ROBOTBERRY\DOCUMENTS\VISUAL STUDIO 2010\PROJECTS\DEPENDENTPS\DEPENDENTPS\RELEASE\PARTICLEEMITTER.OBJ
C:\USERS\ROBOTBERRY\DOCUMENTS\VISUAL STUDIO 2010\PROJECTS\DEPENDENTPS\DEPENDENTPS\RELEASE\PARTICLERENDERER.OBJ
C:\USERS\ROBOTBERRY\DOCUMENTS\VISUAL STUDIO 2010\PROJECTS\DEPENDENTPS\DEPENDENTPS\RELEASE\PARTICLESYSTEM.OBJ
C:\USERS\ROBOTBERRY\DOCUMENTS\VISUAL STUDIO 2010\PROJECTS\DEPENDENTPS\DEPENDENTPS\RELEASE\PSMANAGER.OBJ
C:\USERS\ROBOTBERRY\DOCUMENTS\VISUAL STUDIO 2010\PROJECTS\DEPENDENTPS\DEPENDENTPS\RELEASE\SKYBOX.OBJ
C:\USERS\ROBOTBERRY\DOCUMENTS\VISUAL STUDIO 2010\PROJECTS\DEPENDENTPS\DEPENDENTPS\RELEASE\VC100.PDB
C:\USERS\ROBOTBERRY\DOCUMENTS\VISUAL STUDIO 2010\PROJECTS\DEPENDENTPS\RELEASE\DEPENDENTPS.EXE
C:\USERS\ROBOTBERRY\DOCUMENTS\VISUAL STUDIO 2010\PROJECTS\DEPENDENTPS\RELEASE\DEPENDENTPS.PDB
