C:\USERS\BERRYROBOT\DOCUMENTS\VISUAL STUDIO 2010\PROJECTS\DEPENDENTPS\DEPENDENTPS\DEBUG\CAMERA.OBJ
C:\USERS\BERRYROBOT\DOCUMENTS\VISUAL STUDIO 2010\PROJECTS\DEPENDENTPS\DEPENDENTPS\DEBUG\DEPENDENTPS.EXE.EMBED.MANIFEST.RES
C:\USERS\BERRYROBOT\DOCUMENTS\VISUAL STUDIO 2010\PROJECTS\DEPENDENTPS\DEPENDENTPS\DEBUG\ELLIPSOIDPARTICLEEMITTER.OBJ
C:\USERS\BERRYROBOT\DOCUMENTS\VISUAL STUDIO 2010\PROJECTS\DEPENDENTPS\DEPENDENTPS\DEBUG\FILELOADER.OBJ
C:\USERS\BERRYROBOT\DOCUMENTS\VISUAL STUDIO 2010\PROJECTS\DEPENDENTPS\DEPENDENTPS\DEBUG\GEOMETRY.OBJ
C:\USERS\BERRYROBOT\DOCUMENTS\VISUAL STUDIO 2010\PROJECTS\DEPENDENTPS\DEPENDENTPS\DEBUG\MAIN.OBJ
C:\USERS\BERRYROBOT\DOCUMENTS\VISUAL STUDIO 2010\PROJECTS\DEPENDENTPS\DEPENDENTPS\DEBUG\MAINWINDOW.OBJ
C:\USERS\BERRYROBOT\DOCUMENTS\VISUAL STUDIO 2010\PROJECTS\DEPENDENTPS\DEPENDENTPS\DEBUG\MESH.OBJ
C:\USERS\BERRYROBOT\DOCUMENTS\VISUAL STUDIO 2010\PROJECTS\DEPENDENTPS\DEPENDENTPS\DEBUG\MESHPARTICLEEMITTER.OBJ
C:\USERS\BERRYROBOT\DOCUMENTS\VISUAL STUDIO 2010\PROJECTS\DEPENDENTPS\DEPENDENTPS\DEBUG\MODEL.OBJ
C:\USERS\BERRYROBOT\DOCUMENTS\VISUAL STUDIO 2010\PROJECTS\DEPENDENTPS\DEPENDENTPS\DEBUG\PARTICLEANIMATOR.OBJ
C:\USERS\BERRYROBOT\DOCUMENTS\VISUAL STUDIO 2010\PROJECTS\DEPENDENTPS\DEPENDENTPS\DEBUG\PARTICLEEMITTER.OBJ
C:\USERS\BERRYROBOT\DOCUMENTS\VISUAL STUDIO 2010\PROJECTS\DEPENDENTPS\DEPENDENTPS\DEBUG\PARTICLEPARAMETER.OBJ
C:\USERS\BERRYROBOT\DOCUMENTS\VISUAL STUDIO 2010\PROJECTS\DEPENDENTPS\DEPENDENTPS\DEBUG\PARTICLERENDERER.OBJ
C:\USERS\BERRYROBOT\DOCUMENTS\VISUAL STUDIO 2010\PROJECTS\DEPENDENTPS\DEPENDENTPS\DEBUG\PARTICLESYSTEM.OBJ
C:\USERS\BERRYROBOT\DOCUMENTS\VISUAL STUDIO 2010\PROJECTS\DEPENDENTPS\DEPENDENTPS\DEBUG\PSMANAGER.OBJ
C:\USERS\BERRYROBOT\DOCUMENTS\VISUAL STUDIO 2010\PROJECTS\DEPENDENTPS\DEPENDENTPS\DEBUG\SKYBOX.OBJ
C:\USERS\BERRYROBOT\DOCUMENTS\VISUAL STUDIO 2010\PROJECTS\DEPENDENTPS\DEPENDENTPS\DEBUG\VC100.PDB
C:\Users\RobotBerry\Documents\Visual Studio 2010\Projects\Particle-System\Debug\DependentPS.pdb
C:\Users\RobotBerry\Documents\Visual Studio 2010\Projects\Particle-System\DependentPS\Debug\camera.obj
C:\Users\RobotBerry\Documents\Visual Studio 2010\Projects\Particle-System\DependentPS\Debug\cl.command.1.tlog
C:\Users\RobotBerry\Documents\Visual Studio 2010\Projects\Particle-System\DependentPS\Debug\CL.read.1.tlog
C:\Users\RobotBerry\Documents\Visual Studio 2010\Projects\Particle-System\DependentPS\Debug\CL.write.1.tlog
C:\Users\RobotBerry\Documents\Visual Studio 2010\Projects\Particle-System\DependentPS\Debug\DependentPS.exe.embed.manifest
C:\Users\RobotBerry\Documents\Visual Studio 2010\Projects\Particle-System\DependentPS\Debug\DependentPS.exe.embed.manifest.res
C:\Users\RobotBerry\Documents\Visual Studio 2010\Projects\Particle-System\DependentPS\Debug\DependentPS.exe.intermediate.manifest
C:\Users\RobotBerry\Documents\Visual Studio 2010\Projects\Particle-System\DependentPS\Debug\DependentPS.vcxprojResolveAssemblyReference.cache
C:\Users\RobotBerry\Documents\Visual Studio 2010\Projects\Particle-System\DependentPS\Debug\DependentPS.write.1.tlog
C:\Users\RobotBerry\Documents\Visual Studio 2010\Projects\Particle-System\DependentPS\Debug\DependentPS_manifest.rc
C:\Users\RobotBerry\Documents\Visual Studio 2010\Projects\Particle-System\DependentPS\Debug\ellipsoidparticleemitter.obj
C:\Users\RobotBerry\Documents\Visual Studio 2010\Projects\Particle-System\DependentPS\Debug\fileloader.obj
C:\Users\RobotBerry\Documents\Visual Studio 2010\Projects\Particle-System\DependentPS\Debug\geometry.obj
C:\Users\RobotBerry\Documents\Visual Studio 2010\Projects\Particle-System\DependentPS\Debug\link.command.1.tlog
C:\Users\RobotBerry\Documents\Visual Studio 2010\Projects\Particle-System\DependentPS\Debug\link.read.1.tlog
C:\Users\RobotBerry\Documents\Visual Studio 2010\Projects\Particle-System\DependentPS\Debug\link.write.1.tlog
C:\Users\RobotBerry\Documents\Visual Studio 2010\Projects\Particle-System\DependentPS\Debug\link-cvtres.read.1.tlog
C:\Users\RobotBerry\Documents\Visual Studio 2010\Projects\Particle-System\DependentPS\Debug\link-cvtres.write.1.tlog
C:\Users\RobotBerry\Documents\Visual Studio 2010\Projects\Particle-System\DependentPS\Debug\main.obj
C:\Users\RobotBerry\Documents\Visual Studio 2010\Projects\Particle-System\DependentPS\Debug\mainwindow.obj
C:\Users\RobotBerry\Documents\Visual Studio 2010\Projects\Particle-System\DependentPS\Debug\mesh.obj
C:\Users\RobotBerry\Documents\Visual Studio 2010\Projects\Particle-System\DependentPS\Debug\meshparticleemitter.obj
C:\Users\RobotBerry\Documents\Visual Studio 2010\Projects\Particle-System\DependentPS\Debug\model.obj
C:\Users\RobotBerry\Documents\Visual Studio 2010\Projects\Particle-System\DependentPS\Debug\particleanimator.obj
C:\Users\RobotBerry\Documents\Visual Studio 2010\Projects\Particle-System\DependentPS\Debug\particleemitter.obj
C:\Users\RobotBerry\Documents\Visual Studio 2010\Projects\Particle-System\DependentPS\Debug\particleparameter.obj
C:\Users\RobotBerry\Documents\Visual Studio 2010\Projects\Particle-System\DependentPS\Debug\particlerenderer.obj
C:\Users\RobotBerry\Documents\Visual Studio 2010\Projects\Particle-System\DependentPS\Debug\particlesystem.obj
C:\Users\RobotBerry\Documents\Visual Studio 2010\Projects\Particle-System\DependentPS\Debug\psmanager.obj
C:\Users\RobotBerry\Documents\Visual Studio 2010\Projects\Particle-System\DependentPS\Debug\rc.command.1.tlog
C:\Users\RobotBerry\Documents\Visual Studio 2010\Projects\Particle-System\DependentPS\Debug\rc.read.1.tlog
C:\Users\RobotBerry\Documents\Visual Studio 2010\Projects\Particle-System\DependentPS\Debug\rc.write.1.tlog
C:\Users\RobotBerry\Documents\Visual Studio 2010\Projects\Particle-System\DependentPS\Debug\skybox.obj
C:\Users\RobotBerry\Documents\Visual Studio 2010\Projects\Particle-System\DependentPS\Debug\vc100.idb
C:\Users\RobotBerry\Documents\Visual Studio 2010\Projects\Particle-System\DependentPS\Debug\vc100.pdb
